<html>
<body>
<pre>
<h1>µVision Build Log</h1>
<h2>Tool Versions:</h2>
IDE-Version: ¦ÌVision V5.30.0.0
Copyright (C) 2020 ARM Ltd and ARM Germany GmbH. All rights reserved.
License Information: KK vv, gb, LIC=RCISZ-J2GFU-L0TNE-5PLBH-1GV98-2E7F9
 
Tool Versions:
Toolchain:       PK51 Prof. Developers Kit  Version: 9.60.0.0
Toolchain Path:  C:\Keil_v5\C51\BIN
C Compiler:      C51.exe V9.60.0.0
Assembler:       A51.exe V8.2.7.0
Linker/Locator:  BL51.exe V6.22.2.0
Library Manager: LIB51.exe V4.30.1.0
Hex Converter:   OH51.exe V2.7.0.0
CPU DLL:         S8051.DLL V3.122.0.0
Dialog DLL:      DP51.DLL V2.67.0.0 
<h2>Project:</h2>
C:\Users\Daddy CHOU\Desktop\Git project\C51\STM32-learning\Projects\942 RF Platform\942 platform.uvproj
Project File Date:  05/04/2022

<h2>Output:</h2>
Rebuild target '942 Platform'
assembling STARTUP.A51...
compiling main.c...
compiling ADC.c...
compiling Error_Code.c...
compiling Flag_Init.c...
compiling Init_MCU.c...
compiling Input_Scan.c...
compiling Motor_Control.c...
.\code\inc\common.h(1): error C231: 'BIT': redefinition
.\code\inc\common.h(2): error C231: 'UINT8': redefinition
.\code\inc\common.h(3): error C141: syntax error near 'UINT16', expected 'hdata'
.\code\inc\common.h(4): error C141: syntax error near 'UINT32', expected 'hdata'
compiling PWM.c...
compiling System_Init.c...
compiling Common.c...
code\src\Common.c(25): warning C280: 'u32Baudrate': unreferenced local variable
code\src\Common.c(47): warning C280: 'u32Baudrate': unreferenced local variable
code\src\Common.c(89): warning C280: 'u32Baudrate': unreferenced local variable
compiling Delay.c...
code\src\Delay.c(29): error C202: 'TIMER_DIV12_VALUE_100us': undefined identifier
code\src\Delay.c(30): error C202: 'TIMER_DIV12_VALUE_100us': undefined identifier
code\src\Delay.c(45): error C202: 'TIMER_SYSCLK_VALUE_125ns': undefined identifier
code\src\Delay.c(46): error C202: 'TIMER_SYSCLK_VALUE_125ns': undefined identifier
code\src\Delay.c(61): error C202: 'TIMER_DIV12_VALUE_1ms': undefined identifier
code\src\Delay.c(62): error C202: 'TIMER_DIV12_VALUE_1ms': undefined identifier
code\src\Delay.c(78): error C202: 'TIMER_DIV12_VALUE_10ms': undefined identifier
code\src\Delay.c(79): error C202: 'TIMER_DIV12_VALUE_10ms': undefined identifier
code\src\Delay.c(95): error C202: 'TIMER_DIV4_VALUE_500us': undefined identifier
code\src\Delay.c(96): error C202: 'TIMER_DIV4_VALUE_500us': undefined identifier
code\src\Delay.c(110): error C202: 'TIMER_DIV128_VALUE_100ms': undefined identifier
code\src\Delay.c(111): error C202: 'TIMER_DIV128_VALUE_100ms': undefined identifier
code\src\Delay.c(125): error C202: 'TIMER_DIV4_VALUE_10us': undefined identifier
code\src\Delay.c(126): error C202: 'TIMER_DIV4_VALUE_10us': undefined identifier
Target not created.
Build Time Elapsed:  00:00:03
</pre>
</body>
</html>
