02:09:47 **** Incremental Build of configuration Debug for project STM32F401CCU6_MPU6050 ****
make -j32 all 
arm-none-eabi-size   STM32F401CCU6_MPU6050.elf 
   text	   data	    bss	    dec	    hex	filename
  15908	    264	   1744	  17916	   45fc	STM32F401CCU6_MPU6050.elf
Finished building: default.size.stdout
 
02:13:25 **** Incremental Build of configuration Debug for project STM32F401CCU6_MPU6050 ****
make -j32 all 
arm-none-eabi-size   STM32F401CCU6_MPU6050.elf 
   text	   data	    bss	    dec	    hex	filename
  15908	    264	   1744	  17916	   45fc	STM32F401CCU6_MPU6050.elf
Finished building: default.size.stdout
 
02:13:26 **** Incremental Build of configuration Debug for project STM32F446RET6_4AxileDrone ****
make -j32 all 
arm-none-eabi-gcc -mcpu=cortex-m4 -g3 -DDEBUG -c -x assembler-with-cpp -MMD -MP -MF"Core/Startup/startup_stm32f446retx.d" -MT"Core/Startup/startup_stm32f446retx.o" --specs=nano.specs -mfpu=fpv4-sp-d16 -mfloat-abi=hard -mthumb -o "Core/Startup/startup_stm32f446retx.o" "../Core/Startup/startup_stm32f446retx.s"
arm-none-eabi-gcc "../Core/Src/main.c" -mcpu=cortex-m4 -std=gnu11 -g3 -DDEBUG -DUSE_HAL_DRIVER -DSTM32F446xx -c -I../Core/Inc -I../Drivers/STM32F4xx_HAL_Driver/Inc -I../Drivers/STM32F4xx_HAL_Driver/Inc/Legacy -I../Drivers/CMSIS/Device/ST/STM32F4xx/Include -I../Drivers/CMSIS/Include -I../Middlewares/Third_Party/FreeRTOS/Source/include -I../Middlewares/Third_Party/FreeRTOS/Source/CMSIS_RTOS_V2 -I../Middlewares/Third_Party/FreeRTOS/Source/portable/GCC/ARM_CM4F -O0 -ffunction-sections -fdata-sections -Wall -fstack-usage -fcyclomatic-complexity -MMD -MP -MF"Core/Src/main.d" -MT"Core/Src/main.o" --specs=nano.specs -mfpu=fpv4-sp-d16 -mfloat-abi=hard -mthumb -o "Core/Src/main.o"
../Core/Startup/startup_stm32f446retx.s: Assembler messages:
../Core/Startup/startup_stm32f446retx.s:85: Error: junk at end of line, first unrecognized character is `5'
make: *** [Core/Startup/subdir.mk:19: Core/Startup/startup_stm32f446retx.o] Error 1
make: *** Waiting for unfinished jobs....
"make -j32 all" terminated with exit code 2. Build might be incomplete.
02:13:44 **** Incremental Build of configuration Debug for project STM32F401CCU6_MPU6050 ****
make -j32 all 
arm-none-eabi-size   STM32F401CCU6_MPU6050.elf 
   text	   data	    bss	    dec	    hex	filename
  15908	    264	   1744	  17916	   45fc	STM32F401CCU6_MPU6050.elf
Finished building: default.size.stdout
 
02:13:45 **** Incremental Build of configuration Debug for project STM32F446RET6_4AxileDrone ****
make -j32 all 
arm-none-eabi-gcc -mcpu=cortex-m4 -g3 -DDEBUG -c -x assembler-with-cpp -MMD -MP -MF"Core/Startup/startup_stm32f446retx.d" -MT"Core/Startup/startup_stm32f446retx.o" --specs=nano.specs -mfpu=fpv4-sp-d16 -mfloat-abi=hard -mthumb -o "Core/Startup/startup_stm32f446retx.o" "../Core/Startup/startup_stm32f446retx.s"
arm-none-eabi-gcc "../Core/Src/main.c" -mcpu=cortex-m4 -std=gnu11 -g3 -DDEBUG -DUSE_HAL_DRIVER -DSTM32F446xx -c -I../Core/Inc -I../Drivers/STM32F4xx_HAL_Driver/Inc -I../Drivers/STM32F4xx_HAL_Driver/Inc/Legacy -I../Drivers/CMSIS/Device/ST/STM32F4xx/Include -I../Drivers/CMSIS/Include -I../Middlewares/Third_Party/FreeRTOS/Source/include -I../Middlewares/Third_Party/FreeRTOS/Source/CMSIS_RTOS_V2 -I../Middlewares/Third_Party/FreeRTOS/Source/portable/GCC/ARM_CM4F -O0 -ffunction-sections -fdata-sections -Wall -fstack-usage -fcyclomatic-complexity -MMD -MP -MF"Core/Src/main.d" -MT"Core/Src/main.o" --specs=nano.specs -mfpu=fpv4-sp-d16 -mfloat-abi=hard -mthumb -o "Core/Src/main.o"
../Core/Startup/startup_stm32f446retx.s: Assembler messages:
../Core/Startup/startup_stm32f446retx.s:85: Error: junk at end of line, first unrecognized character is `5'
make: *** [Core/Startup/subdir.mk:19: Core/Startup/startup_stm32f446retx.o] Error 1
make: *** Waiting for unfinished jobs....
"make -j32 all" terminated with exit code 2. Build might be incomplete.
02:14:47 **** Incremental Build of configuration Debug for project STM32F401CCU6_MPU6050 ****
make -j32 all 
arm-none-eabi-size   STM32F401CCU6_MPU6050.elf 
   text	   data	    bss	    dec	    hex	filename
  15908	    264	   1744	  17916	   45fc	STM32F401CCU6_MPU6050.elf
Finished building: default.size.stdout
 
02:14:48 **** Incremental Build of configuration Debug for project STM32F446RET6_4AxileDrone ****
make -j32 all 
arm-none-eabi-gcc -mcpu=cortex-m4 -g3 -DDEBUG -c -x assembler-with-cpp -MMD -MP -MF"Core/Startup/startup_stm32f446retx.d" -MT"Core/Startup/startup_stm32f446retx.o" --specs=nano.specs -mfpu=fpv4-sp-d16 -mfloat-abi=hard -mthumb -o "Core/Startup/startup_stm32f446retx.o" "../Core/Startup/startup_stm32f446retx.s"
arm-none-eabi-gcc "../Core/Src/main.c" -mcpu=cortex-m4 -std=gnu11 -g3 -DDEBUG -DUSE_HAL_DRIVER -DSTM32F446xx -c -I../Core/Inc -I../Drivers/STM32F4xx_HAL_Driver/Inc -I../Drivers/STM32F4xx_HAL_Driver/Inc/Legacy -I../Drivers/CMSIS/Device/ST/STM32F4xx/Include -I../Drivers/CMSIS/Include -I../Middlewares/Third_Party/FreeRTOS/Source/include -I../Middlewares/Third_Party/FreeRTOS/Source/CMSIS_RTOS_V2 -I../Middlewares/Third_Party/FreeRTOS/Source/portable/GCC/ARM_CM4F -O0 -ffunction-sections -fdata-sections -Wall -fstack-usage -fcyclomatic-complexity -MMD -MP -MF"Core/Src/main.d" -MT"Core/Src/main.o" --specs=nano.specs -mfpu=fpv4-sp-d16 -mfloat-abi=hard -mthumb -o "Core/Src/main.o"
../Core/Startup/startup_stm32f446retx.s: Assembler messages:
../Core/Startup/startup_stm32f446retx.s:85: Error: junk at end of line, first unrecognized character is `5'
make: *** [Core/Startup/subdir.mk:19: Core/Startup/startup_stm32f446retx.o] Error 1
make: *** Waiting for unfinished jobs....
"make -j32 all" terminated with exit code 2. Build might be incomplete.
02:15:04 **** Incremental Build of configuration Debug for project STM32F401CCU6_MPU6050 ****
make -j32 all 
arm-none-eabi-size   STM32F401CCU6_MPU6050.elf 
   text	   data	    bss	    dec	    hex	filename
  15908	    264	   1744	  17916	   45fc	STM32F401CCU6_MPU6050.elf
Finished building: default.size.stdout
 
02:15:05 **** Incremental Build of configuration Debug for project STM32F446RET6_4AxileDrone ****
make -j32 all 
arm-none-eabi-gcc -mcpu=cortex-m4 -g3 -DDEBUG -c -x assembler-with-cpp -MMD -MP -MF"Core/Startup/startup_stm32f446retx.d" -MT"Core/Startup/startup_stm32f446retx.o" --specs=nano.specs -mfpu=fpv4-sp-d16 -mfloat-abi=hard -mthumb -o "Core/Startup/startup_stm32f446retx.o" "../Core/Startup/startup_stm32f446retx.s"
arm-none-eabi-gcc "../Core/Src/main.c" -mcpu=cortex-m4 -std=gnu11 -g3 -DDEBUG -DUSE_HAL_DRIVER -DSTM32F446xx -c -I../Core/Inc -I../Drivers/STM32F4xx_HAL_Driver/Inc -I../Drivers/STM32F4xx_HAL_Driver/Inc/Legacy -I../Drivers/CMSIS/Device/ST/STM32F4xx/Include -I../Drivers/CMSIS/Include -I../Middlewares/Third_Party/FreeRTOS/Source/include -I../Middlewares/Third_Party/FreeRTOS/Source/CMSIS_RTOS_V2 -I../Middlewares/Third_Party/FreeRTOS/Source/portable/GCC/ARM_CM4F -O0 -ffunction-sections -fdata-sections -Wall -fstack-usage -fcyclomatic-complexity -MMD -MP -MF"Core/Src/main.d" -MT"Core/Src/main.o" --specs=nano.specs -mfpu=fpv4-sp-d16 -mfloat-abi=hard -mthumb -o "Core/Src/main.o"
../Core/Startup/startup_stm32f446retx.s: Assembler messages:
../Core/Startup/startup_stm32f446retx.s:85: Error: junk at end of line, first unrecognized character is `5'
make: *** [Core/Startup/subdir.mk:19: Core/Startup/startup_stm32f446retx.o] Error 1
make: *** Waiting for unfinished jobs....
"make -j32 all" terminated with exit code 2. Build might be incomplete.
02:16:55 **** Incremental Build of configuration Debug for project STM32F401CCU6_MPU6050 ****
make -j32 all 
arm-none-eabi-size   STM32F401CCU6_MPU6050.elf 
   text	   data	    bss	    dec	    hex	filename
  15908	    264	   1744	  17916	   45fc	STM32F401CCU6_MPU6050.elf
Finished building: default.size.stdout
 
02:16:56 **** Incremental Build of configuration Debug for project STM32F446RET6_4AxileDrone ****
make -j32 all 
arm-none-eabi-gcc -mcpu=cortex-m4 -g3 -DDEBUG -c -x assembler-with-cpp -MMD -MP -MF"Core/Startup/startup_stm32f446retx.d" -MT"Core/Startup/startup_stm32f446retx.o" --specs=nano.specs -mfpu=fpv4-sp-d16 -mfloat-abi=hard -mthumb -o "Core/Startup/startup_stm32f446retx.o" "../Core/Startup/startup_stm32f446retx.s"
arm-none-eabi-gcc -o "STM32F446RET6_4AxileDrone.elf" @"objects.list"   -mcpu=cortex-m4 -T"C:\Users\64420\Desktop\Project\Embeded\STM32-learning\Projects\STM32F4\STM32F446RET6_4Axile_Drone\STM32F446RET6_4AxileDrone\STM32F446RETX_FLASH.ld" --specs=nosys.specs -Wl,-Map="STM32F446RET6_4AxileDrone.map" -Wl,--gc-sections -static --specs=nano.specs -mfpu=fpv4-sp-d16 -mfloat-abi=hard -mthumb -Wl,--start-group -lc -lm -Wl,--end-group
Finished building target: STM32F446RET6_4AxileDrone.elf
 
arm-none-eabi-size   STM32F446RET6_4AxileDrone.elf 
arm-none-eabi-objdump -h -S  STM32F446RET6_4AxileDrone.elf  > "STM32F446RET6_4AxileDrone.list"
   text	   data	    bss	    dec	    hex	filename
  27880	     28	  22908	  50816	   c680	STM32F446RET6_4AxileDrone.elf
Finished building: default.size.stdout
 
Finished building: STM32F446RET6_4AxileDrone.list
 
02:17:38 **** Incremental Build of configuration Debug for project STM32F446RET6_4AxileDrone ****
make -j32 all 
arm-none-eabi-size   STM32F446RET6_4AxileDrone.elf 
   text	   data	    bss	    dec	    hex	filename
  27880	     28	  22908	  50816	   c680	STM32F446RET6_4AxileDrone.elf
Finished building: default.size.stdout
 
02:17:59 **** Incremental Build of configuration Debug for project STM32F446RET6_4AxileDrone ****
make -j32 all 
arm-none-eabi-size   STM32F446RET6_4AxileDrone.elf 
   text	   data	    bss	    dec	    hex	filename
  27880	     28	  22908	  50816	   c680	STM32F446RET6_4AxileDrone.elf
Finished building: default.size.stdout
 
02:19:39 **** Incremental Build of configuration Debug for project STM32F446RET6_4AxileDrone ****
make -j32 all 
arm-none-eabi-size   STM32F446RET6_4AxileDrone.elf 
   text	   data	    bss	    dec	    hex	filename
  27880	     28	  22908	  50816	   c680	STM32F446RET6_4AxileDrone.elf
Finished building: default.size.stdout
 
02:27:45 **** Incremental Build of configuration Debug for project STM32F401CCU6_MPU6050 ****
make -j32 all 
arm-none-eabi-size   STM32F401CCU6_MPU6050.elf 
   text	   data	    bss	    dec	    hex	filename
  15908	    264	   1744	  17916	   45fc	STM32F401CCU6_MPU6050.elf
Finished building: default.size.stdout
 
02:27:45 **** Incremental Build of configuration Debug for project STM32F446RET6_4AxileDrone ****
make -j32 all 
arm-none-eabi-gcc "../Core/Src/main.c" -mcpu=cortex-m4 -std=gnu11 -g3 -DDEBUG -DUSE_HAL_DRIVER -DSTM32F446xx -c -I../Core/Inc -I../Drivers/STM32F4xx_HAL_Driver/Inc -I../Drivers/STM32F4xx_HAL_Driver/Inc/Legacy -I../Drivers/CMSIS/Device/ST/STM32F4xx/Include -I../Drivers/CMSIS/Include -I../Middlewares/Third_Party/FreeRTOS/Source/include -I../Middlewares/Third_Party/FreeRTOS/Source/CMSIS_RTOS_V2 -I../Middlewares/Third_Party/FreeRTOS/Source/portable/GCC/ARM_CM4F -O0 -ffunction-sections -fdata-sections -Wall -fstack-usage -fcyclomatic-complexity -MMD -MP -MF"Core/Src/main.d" -MT"Core/Src/main.o" --specs=nano.specs -mfpu=fpv4-sp-d16 -mfloat-abi=hard -mthumb -o "Core/Src/main.o"
arm-none-eabi-gcc -o "STM32F446RET6_4AxileDrone.elf" @"objects.list"   -mcpu=cortex-m4 -T"C:\Users\64420\Desktop\Project\Embeded\STM32-learning\Projects\STM32F4\STM32F446RET6_4Axile_Drone\STM32F446RET6_4AxileDrone\STM32F446RETX_FLASH.ld" --specs=nosys.specs -Wl,-Map="STM32F446RET6_4AxileDrone.map" -Wl,--gc-sections -static --specs=nano.specs -mfpu=fpv4-sp-d16 -mfloat-abi=hard -mthumb -Wl,--start-group -lc -lm -Wl,--end-group
Finished building target: STM32F446RET6_4AxileDrone.elf
 
arm-none-eabi-size   STM32F446RET6_4AxileDrone.elf 
arm-none-eabi-objdump -h -S  STM32F446RET6_4AxileDrone.elf  > "STM32F446RET6_4AxileDrone.list"
   text	   data	    bss	    dec	    hex	filename
  27880	     28	  22908	  50816	   c680	STM32F446RET6_4AxileDrone.elf
Finished building: default.size.stdout
 
Finished building: STM32F446RET6_4AxileDrone.list
 
02:28:16 **** Incremental Build of configuration Debug for project STM32F401CCU6_MPU6050 ****
make -j32 all 
arm-none-eabi-size   STM32F401CCU6_MPU6050.elf 
   text	   data	    bss	    dec	    hex	filename
  15908	    264	   1744	  17916	   45fc	STM32F401CCU6_MPU6050.elf
Finished building: default.size.stdout
 
02:28:17 **** Incremental Build of configuration Debug for project STM32F446RET6_4AxileDrone ****
make -j32 all 
arm-none-eabi-gcc "../Core/Src/main.c" -mcpu=cortex-m4 -std=gnu11 -g3 -DDEBUG -DUSE_HAL_DRIVER -DSTM32F446xx -c -I../Core/Inc -I../Drivers/STM32F4xx_HAL_Driver/Inc -I../Drivers/STM32F4xx_HAL_Driver/Inc/Legacy -I../Drivers/CMSIS/Device/ST/STM32F4xx/Include -I../Drivers/CMSIS/Include -I../Middlewares/Third_Party/FreeRTOS/Source/include -I../Middlewares/Third_Party/FreeRTOS/Source/CMSIS_RTOS_V2 -I../Middlewares/Third_Party/FreeRTOS/Source/portable/GCC/ARM_CM4F -O0 -ffunction-sections -fdata-sections -Wall -fstack-usage -fcyclomatic-complexity -MMD -MP -MF"Core/Src/main.d" -MT"Core/Src/main.o" --specs=nano.specs -mfpu=fpv4-sp-d16 -mfloat-abi=hard -mthumb -o "Core/Src/main.o"
../Core/Src/main.c: In function 'main':
../Core/Src/main.c:102:17: error: 'i2c1' undeclared (first use in this function); did you mean 'hi2c1'?
  102 |   MPU6050_Init(&i2c1);
      |                 ^~~~
      |                 hi2c1
../Core/Src/main.c:102:17: note: each undeclared identifier is reported only once for each function it appears in
make: *** [Core/Src/subdir.mk:61: Core/Src/main.o] Error 1
"make -j32 all" terminated with exit code 2. Build might be incomplete.
02:28:40 **** Incremental Build of configuration Debug for project STM32F401CCU6_MPU6050 ****
make -j32 all 
arm-none-eabi-size   STM32F401CCU6_MPU6050.elf 
   text	   data	    bss	    dec	    hex	filename
  15908	    264	   1744	  17916	   45fc	STM32F401CCU6_MPU6050.elf
Finished building: default.size.stdout
 
02:28:40 **** Incremental Build of configuration Debug for project STM32F446RET6_4AxileDrone ****
make -j32 all 
arm-none-eabi-gcc "../Core/Src/main.c" -mcpu=cortex-m4 -std=gnu11 -g3 -DDEBUG -DUSE_HAL_DRIVER -DSTM32F446xx -c -I../Core/Inc -I../Drivers/STM32F4xx_HAL_Driver/Inc -I../Drivers/STM32F4xx_HAL_Driver/Inc/Legacy -I../Drivers/CMSIS/Device/ST/STM32F4xx/Include -I../Drivers/CMSIS/Include -I../Middlewares/Third_Party/FreeRTOS/Source/include -I../Middlewares/Third_Party/FreeRTOS/Source/CMSIS_RTOS_V2 -I../Middlewares/Third_Party/FreeRTOS/Source/portable/GCC/ARM_CM4F -O0 -ffunction-sections -fdata-sections -Wall -fstack-usage -fcyclomatic-complexity -MMD -MP -MF"Core/Src/main.d" -MT"Core/Src/main.o" --specs=nano.specs -mfpu=fpv4-sp-d16 -mfloat-abi=hard -mthumb -o "Core/Src/main.o"
arm-none-eabi-gcc -o "STM32F446RET6_4AxileDrone.elf" @"objects.list"   -mcpu=cortex-m4 -T"C:\Users\64420\Desktop\Project\Embeded\STM32-learning\Projects\STM32F4\STM32F446RET6_4Axile_Drone\STM32F446RET6_4AxileDrone\STM32F446RETX_FLASH.ld" --specs=nosys.specs -Wl,-Map="STM32F446RET6_4AxileDrone.map" -Wl,--gc-sections -static --specs=nano.specs -mfpu=fpv4-sp-d16 -mfloat-abi=hard -mthumb -Wl,--start-group -lc -lm -Wl,--end-group
Finished building target: STM32F446RET6_4AxileDrone.elf
 
arm-none-eabi-size   STM32F446RET6_4AxileDrone.elf 
arm-none-eabi-objdump -h -S  STM32F446RET6_4AxileDrone.elf  > "STM32F446RET6_4AxileDrone.list"
   text	   data	    bss	    dec	    hex	filename
  31384	     28	  22908	  54320	   d430	STM32F446RET6_4AxileDrone.elf
Finished building: default.size.stdout
 
Finished building: STM32F446RET6_4AxileDrone.list
 
02:28:48 **** Incremental Build of configuration Debug for project STM32F446RET6_4AxileDrone ****
make -j32 all 
arm-none-eabi-size   STM32F446RET6_4AxileDrone.elf 
   text	   data	    bss	    dec	    hex	filename
  31384	     28	  22908	  54320	   d430	STM32F446RET6_4AxileDrone.elf
Finished building: default.size.stdout
 
